== Starting run at Wed Nov 11 14:36:05 CET 2020
== Job name: HPC-ufl-forms
== Job ID: 2131686
== Node list: iris-[023,025,027,035-036,041,044,046]
== Submit dir: /mnt/lscratch/users/mrehor/dev/fenics/src/dolfinx-hpc-assembly
== Number of tasks: 128
Generating unit cube mesh with edge resolution N = 79

[MPI_AVG] Summary of timings                                   |  reps  wall avg   wall tot
-------------------------------------------------------------------------------------------
Build BoxMesh                                                  |     1  3.216084   3.216084
Compute SCOTCH graph re-ordering                               |     3  0.003757   0.011270
Compute entities of dim = 1                                    |     1  0.196467   0.196467
Compute entities of dim = 2                                    |     1  0.174855   0.174855
Compute graph partition (SCOTCH)                               |     1  2.563290   2.563290
Compute local part of mesh dual graph                          |     1  0.017443   0.017443
Compute local-to-local map                                     |     1  0.000943   0.000943
Compute non-local part of mesh dual graph                      |     1  0.342041   0.342041
Compute-local-to-global links for global/local adjacency list  |     1  0.000267   0.000267
Distribute AdjacencyList                                       |     1  0.129674   0.129674
Extract partition boundaries from SCOTCH graph                 |     1  0.000718   0.000718
Fetch float data from remote processes                         |     1  0.028825   0.028825
Get SCOTCH graph data                                          |     1  0.000001   0.000001
Init dofmap                                                    |     3  0.062499   0.187496
Init dofmap from element dofmap                                |     3  0.006089   0.018266
Partition cells across processes                               |     1  2.926240   2.926240
SCOTCH: call SCOTCH_dgraphBuild                                |     1  0.009498   0.009498
SCOTCH: call SCOTCH_dgraphHalo                                 |     1  0.035302   0.035302
SCOTCH: call SCOTCH_dgraphPart                                 |     1  2.516695   2.516695
SCOTCH: call SCOTCH_graphBuild                                 |     3  0.000011   0.000033
SCOTCH: call SCOTCH_graphOrder                                 |     3  0.003483   0.010448
ZZZ Mat Block                                                  |    10  1.676998  16.769975
ZZZ Vec Block                                                  |    10  0.785840   7.858397
Matrix norm: 165.01885541898068
Vector norm: 0.0007131169407730267
Average number of DOFs per process: 98211.2265625
== Finished at Wed Nov 11 14:36:43 CET 2020
