== Starting run at Wed Nov 11 14:38:45 CET 2020
== Job name: HPC-ufl-forms
== Job ID: 2131692
== Node list: iris-[007,009,014,023,025,027,035-036,041,044,046,054,131-132,137,146]
== Submit dir: /mnt/lscratch/users/mrehor/dev/fenics/src/dolfinx-hpc-assembly
== Number of tasks: 256
Generating unit cube mesh with edge resolution N = 100

[MPI_AVG] Summary of timings                                   |  reps  wall avg   wall tot
-------------------------------------------------------------------------------------------
Build BoxMesh                                                  |     1  6.488717   6.488717
Build sparsity                                                 |     4  0.138077   0.552308
Compute SCOTCH graph re-ordering                               |     3  0.003779   0.011338
Compute entities of dim = 1                                    |     1  0.211130   0.211130
Compute entities of dim = 2                                    |     1  0.187311   0.187311
Compute graph partition (SCOTCH)                               |     1  4.919675   4.919675
Compute local part of mesh dual graph                          |     1  0.021056   0.021056
Compute local-to-local map                                     |     1  0.000892   0.000892
Compute non-local part of mesh dual graph                      |     1  0.750800   0.750800
Compute-local-to-global links for global/local adjacency list  |     1  0.000243   0.000243
Distribute AdjacencyList                                       |     1  0.396197   0.396197
Extract partition boundaries from SCOTCH graph                 |     1  0.000850   0.000850
Fetch float data from remote processes                         |     1  0.079651   0.079651
Get SCOTCH graph data                                          |     1  0.000001   0.000001
Init dofmap                                                    |     3  0.067085   0.201255
Init dofmap from element dofmap                                |     3  0.007573   0.022720
Init tensor                                                    |     4  0.188254   0.753017
Partition cells across processes                               |     1  5.695261   5.695261
SCOTCH: call SCOTCH_dgraphBuild                                |     1  0.032690   0.032690
SCOTCH: call SCOTCH_dgraphHalo                                 |     1  0.072842   0.072842
SCOTCH: call SCOTCH_dgraphPart                                 |     1  4.812157   4.812157
SCOTCH: call SCOTCH_graphBuild                                 |     3  0.000012   0.000036
SCOTCH: call SCOTCH_graphOrder                                 |     3  0.003478   0.010433
ZZZ Mat Nest                                                   |    10  1.810630  18.106301
ZZZ Vec Nest                                                   |    10  0.780731   7.807311
Matrix norm: 185.85132019050403
Vector norm: 0.0005012717094218156
Average number of DOFs per process: 99187.90625
== Finished at Wed Nov 11 14:39:30 CET 2020
