== Starting run at Wed Nov 11 14:36:06 CET 2020
== Job name: HPC-ufl-forms
== Job ID: 2131691
== Node list: iris-[007,009,014,124,131-132,137,146]
== Submit dir: /mnt/lscratch/users/mrehor/dev/fenics/src/dolfinx-hpc-assembly
== Number of tasks: 128
Generating unit cube mesh with edge resolution N = 79

[MPI_AVG] Summary of timings                                   |  reps  wall avg   wall tot
-------------------------------------------------------------------------------------------
Build BoxMesh                                                  |     1  3.352654   3.352654
Build sparsity                                                 |     4  0.126094   0.504377
Compute SCOTCH graph re-ordering                               |     3  0.003535   0.010606
Compute entities of dim = 1                                    |     1  0.188451   0.188451
Compute entities of dim = 2                                    |     1  0.176486   0.176486
Compute graph partition (SCOTCH)                               |     1  2.591709   2.591709
Compute local part of mesh dual graph                          |     1  0.016882   0.016882
Compute local-to-local map                                     |     1  0.000861   0.000861
Compute non-local part of mesh dual graph                      |     1  0.353534   0.353534
Compute-local-to-global links for global/local adjacency list  |     1  0.000400   0.000400
Distribute AdjacencyList                                       |     1  0.179353   0.179353
Extract partition boundaries from SCOTCH graph                 |     1  0.000621   0.000621
Fetch float data from remote processes                         |     1  0.063336   0.063336
Get SCOTCH graph data                                          |     1  0.000001   0.000001
Init dofmap                                                    |     3  0.061732   0.185196
Init dofmap from element dofmap                                |     3  0.006992   0.020977
Init tensor                                                    |     4  0.137689   0.550755
Partition cells across processes                               |     1  2.965997   2.965997
SCOTCH: call SCOTCH_dgraphBuild                                |     1  0.014954   0.014954
SCOTCH: call SCOTCH_dgraphHalo                                 |     1  0.023106   0.023106
SCOTCH: call SCOTCH_dgraphPart                                 |     1  2.551901   2.551901
SCOTCH: call SCOTCH_graphBuild                                 |     3  0.000012   0.000035
SCOTCH: call SCOTCH_graphOrder                                 |     3  0.003225   0.009674
ZZZ Mat Nest                                                   |    10  1.622810  16.228096
ZZZ Vec Nest                                                   |    10  0.518508   5.185080
Matrix norm: 165.01885541682327
Vector norm: 0.0007131169407730268
Average number of DOFs per process: 98211.2265625
== Finished at Wed Nov 11 14:36:39 CET 2020
