== Starting run at Wed Nov 11 14:33:28 CET 2020
== Job name: HPC-ufl-forms
== Job ID: 2131681
== Node list: iris-[007,009,014,124,131-132,137,146]
== Submit dir: /mnt/lscratch/users/mrehor/dev/fenics/src/dolfinx-hpc-assembly
== Number of tasks: 128
Generating unit cube mesh with edge resolution N = 79

[MPI_AVG] Summary of timings                                   |  reps  wall avg   wall tot
-------------------------------------------------------------------------------------------
Build BoxMesh                                                  |     1  3.422338   3.422338
Build sparsity                                                 |     1  0.460826   0.460826
Compute SCOTCH graph re-ordering                               |     2  0.041403   0.082806
Compute entities of dim = 1                                    |     1  0.196652   0.196652
Compute entities of dim = 2                                    |     1  0.175394   0.175394
Compute graph partition (SCOTCH)                               |     1  2.637307   2.637307
Compute local part of mesh dual graph                          |     1  0.016952   0.016952
Compute local-to-local map                                     |     1  0.000881   0.000881
Compute non-local part of mesh dual graph                      |     1  0.354936   0.354936
Compute-local-to-global links for global/local adjacency list  |     1  0.000242   0.000242
Distribute AdjacencyList                                       |     1  0.202438   0.202438
Extract partition boundaries from SCOTCH graph                 |     1  0.000633   0.000633
Fetch float data from remote processes                         |     1  0.019623   0.019623
Get SCOTCH graph data                                          |     1  0.000001   0.000001
Init dofmap                                                    |     2  0.550918   1.101836
Init dofmap from element dofmap                                |     2  0.016803   0.033605
Init tensor                                                    |     1  0.517289   0.517289
Partition cells across processes                               |     1  3.013087   3.013087
SCOTCH: call SCOTCH_dgraphBuild                                |     1  0.014715   0.014715
SCOTCH: call SCOTCH_dgraphHalo                                 |     1  0.027853   0.027853
SCOTCH: call SCOTCH_dgraphPart                                 |     1  2.592969   2.592969
SCOTCH: call SCOTCH_graphBuild                                 |     2  0.000051   0.000102
SCOTCH: call SCOTCH_graphOrder                                 |     2  0.037063   0.074126
ZZZ Mat Monolithic                                             |    10  2.023281  20.232808
ZZZ Vec Monolithic                                             |    10  0.213509   2.135085
Matrix norm: 165.01885541843566
Vector norm: 0.0007131169407730267
Average number of DOFs per process: 98211.2265625
== Finished at Wed Nov 11 14:34:05 CET 2020
