== Starting run at Wed Nov 11 14:33:31 CET 2020
== Job name: HPC-ufl-forms
== Job ID: 2131688
== Node list: iris-111
== Submit dir: /mnt/lscratch/users/mrehor/dev/fenics/src/dolfinx-hpc-assembly
== Number of tasks: 16
Generating unit cube mesh with edge resolution N = 39

[MPI_AVG] Summary of timings                                   |  reps  wall avg   wall tot
-------------------------------------------------------------------------------------------
Build BoxMesh                                                  |     1  0.293860   0.293860
Build sparsity                                                 |     4  0.091421   0.365682
Compute SCOTCH graph re-ordering                               |     3  0.003022   0.009067
Compute entities of dim = 1                                    |     1  0.104862   0.104862
Compute entities of dim = 2                                    |     1  0.088950   0.088950
Compute graph partition (SCOTCH)                               |     1  0.223430   0.223430
Compute local part of mesh dual graph                          |     1  0.014188   0.014188
Compute local-to-local map                                     |     1  0.000509   0.000509
Compute non-local part of mesh dual graph                      |     1  0.012836   0.012836
Compute-local-to-global links for global/local adjacency list  |     1  0.000201   0.000201
Distribute AdjacencyList                                       |     1  0.003069   0.003069
Extract partition boundaries from SCOTCH graph                 |     1  0.000370   0.000370
Fetch float data from remote processes                         |     1  0.000648   0.000648
Get SCOTCH graph data                                          |     1  0.000001   0.000001
Init dofmap                                                    |     3  0.036371   0.109113
Init dofmap from element dofmap                                |     3  0.004931   0.014793
Init tensor                                                    |     4  0.034063   0.136254
Partition cells across processes                               |     1  0.252276   0.252276
SCOTCH: call SCOTCH_dgraphBuild                                |     1  0.000727   0.000727
SCOTCH: call SCOTCH_dgraphHalo                                 |     1  0.000435   0.000435
SCOTCH: call SCOTCH_dgraphPart                                 |     1  0.221091   0.221091
SCOTCH: call SCOTCH_graphBuild                                 |     3  0.000011   0.000032
SCOTCH: call SCOTCH_graphOrder                                 |     3  0.002723   0.008170
ZZZ Mat Nest                                                   |    10  1.055742  10.557424
ZZZ Vec Nest                                                   |    10  0.136850   1.368505
Matrix norm: 115.36440879491562
Vector norm: 0.002045017993411631
Average number of DOFs per process: 96444.8125
== Finished at Wed Nov 11 14:33:48 CET 2020
