== Starting run at Wed Nov 11 15:23:25 CET 2020
== Job name: HPC-cpp-forms
== Job ID: 2131803
== Node list: iris-[007,009,014,035-036,132,137,146]
== Submit dir: /mnt/lscratch/users/mrehor/dev/fenics/src/dolfinx-hpc-assembly
== Number of tasks: 128
Generating unit cube mesh with edge resolution N = 79

[MPI_AVG] Summary of timings                                   |  reps  wall avg   wall tot
-------------------------------------------------------------------------------------------
Build BoxMesh                                                  |     1  3.330298   3.330298
Compute SCOTCH graph re-ordering                               |     3  0.003598   0.010794
Compute entities of dim = 1                                    |     1  0.188157   0.188157
Compute entities of dim = 2                                    |     1  0.164506   0.164506
Compute graph partition (SCOTCH)                               |     1  2.672372   2.672372
Compute local part of mesh dual graph                          |     1  0.017933   0.017933
Compute local-to-local map                                     |     1  0.000896   0.000896
Compute non-local part of mesh dual graph                      |     1  0.347424   0.347424
Compute-local-to-global links for global/local adjacency list  |     1  0.000254   0.000254
Distribute AdjacencyList                                       |     1  0.136629   0.136629
Extract partition boundaries from SCOTCH graph                 |     1  0.000644   0.000644
Fetch float data from remote processes                         |     1  0.012274   0.012274
Get SCOTCH graph data                                          |     1  0.000001   0.000001
Init dofmap                                                    |     3  0.071361   0.214082
Init dofmap from element dofmap                                |     3  0.006695   0.020085
Partition cells across processes                               |     1  3.041411   3.041411
SCOTCH: call SCOTCH_dgraphBuild                                |     1  0.013600   0.013600
SCOTCH: call SCOTCH_dgraphHalo                                 |     1  0.022969   0.022969
SCOTCH: call SCOTCH_dgraphPart                                 |     1  2.634058   2.634058
SCOTCH: call SCOTCH_graphBuild                                 |     3  0.000011   0.000034
SCOTCH: call SCOTCH_graphOrder                                 |     3  0.003298   0.009895
ZZZ Mat Block                                                  |    10  1.440150  14.401499
ZZZ Vec Block                                                  |    10  0.037057   0.370567
Matrix norm: 165.0188554189797
Vector norm: 0.000713116940773027
Average number of DOFs per process: 98211.2265625
== Finished at Wed Nov 11 15:23:53 CET 2020
