== Starting run at Wed Nov 11 15:18:48 CET 2020
== Job name: HPC-cpp-forms
== Job ID: 2131798
== Node list: iris-[092,108,110-111,129-130,137,146]
== Submit dir: /mnt/lscratch/users/mrehor/dev/fenics/src/dolfinx-hpc-assembly
== Number of tasks: 128
Generating unit cube mesh with edge resolution N = 79

[MPI_AVG] Summary of timings                                   |  reps  wall avg   wall tot
-------------------------------------------------------------------------------------------
Build BoxMesh                                                  |     1  4.108513   4.108513
Build sparsity                                                 |     1  0.432755   0.432755
Compute SCOTCH graph re-ordering                               |     2  0.040385   0.080770
Compute entities of dim = 1                                    |     1  0.191077   0.191077
Compute entities of dim = 2                                    |     1  0.145562   0.145562
Compute graph partition (SCOTCH)                               |     1  2.771201   2.771201
Compute local part of mesh dual graph                          |     1  0.018563   0.018563
Compute local-to-local map                                     |     1  0.000865   0.000865
Compute non-local part of mesh dual graph                      |     1  0.935383   0.935383
Compute-local-to-global links for global/local adjacency list  |     1  0.000221   0.000221
Distribute AdjacencyList                                       |     1  0.200818   0.200818
Extract partition boundaries from SCOTCH graph                 |     1  0.000613   0.000613
Fetch float data from remote processes                         |     1  0.019171   0.019171
Get SCOTCH graph data                                          |     1  0.000001   0.000001
Init dofmap                                                    |     2  0.529141   1.058282
Init dofmap from element dofmap                                |     2  0.016818   0.033636
Init tensor                                                    |     1  0.562389   0.562389
Partition cells across processes                               |     1  3.729232   3.729232
SCOTCH: call SCOTCH_dgraphBuild                                |     1  0.025328   0.025328
SCOTCH: call SCOTCH_dgraphHalo                                 |     1  0.020566   0.020566
SCOTCH: call SCOTCH_dgraphPart                                 |     1  2.715987   2.715987
SCOTCH: call SCOTCH_graphBuild                                 |     2  0.000052   0.000105
SCOTCH: call SCOTCH_graphOrder                                 |     2  0.036183   0.072366
ZZZ Mat Monolithic                                             |    10  1.917019  19.170189
ZZZ Vec Monolithic                                             |    10  0.055544   0.555442
Matrix norm: 165.01885541843077
Vector norm: 0.0007131169407730272
Average number of DOFs per process: 98211.2265625
== Finished at Wed Nov 11 15:19:58 CET 2020
